#
# There is insufficient memory for the Java Runtime Environment to continue.
# Native memory allocation (malloc) failed to allocate 1048576 bytes for AllocateHeap
# Possible reasons:
#   The system is out of physical RAM or swap space
#   In 32 bit mode, the process size limit was hit
# Possible solutions:
#   Reduce memory load on the system
#   Increase physical memory or swap space
#   Check if swap backing store is full
#   Use 64 bit Java on a 64 bit OS
#   Decrease Java heap size (-Xmx/-Xms)
#   Decrease number of Java threads
#   Decrease Java thread stack sizes (-Xss)
#   Set larger code cache with -XX:ReservedCodeCacheSize=
# This output file may be truncated or incomplete.
#
#  Out of Memory Error (memory/allocation.inline.hpp:61), pid=11976, tid=0x0000000000001638
#
# JRE version:  (8.0_181-b13) (build )
# Java VM: Java HotSpot(TM) 64-Bit Server VM (25.181-b13 mixed mode windows-amd64 compressed oops)
# Failed to write core dump. Minidumps are not enabled by default on client versions of Windows
#

---------------  T H R E A D  ---------------

Current thread (0x00000000031c7000):  JavaThread "Unknown thread" [_thread_in_vm, id=5688, stack(0x00000000030c0000,0x00000000031c0000)]

Stack: [0x00000000030c0000,0x00000000031c0000]
[error occurred during error reporting (printing stack bounds), id 0xc0000005]

Native frames: (J=compiled Java code, j=interpreted, Vv=VM code, C=native code)


---------------  P R O C E S S  ---------------

Java Threads: ( => current thread )

Other Threads:

=>0x00000000031c7000 (exited) JavaThread "Unknown thread" [_thread_in_vm, id=5688, stack(0x00000000030c0000,0x00000000031c0000)]

VM state:not at safepoint (normal execution)

VM Mutex/Monitor currently owned by a thread: None

Heap:
 PSYoungGen      total 38400K, used 665K [0x00000000d5f80000, 0x00000000d8a00000, 0x0000000100000000)
  eden space 33280K, 2% used [0x00000000d5f80000,0x00000000d6026670,0x00000000d8000000)
  from space 5120K, 0% used [0x00000000d8500000,0x00000000d8500000,0x00000000d8a00000)
  to   space 5120K, 0% used [0x00000000d8000000,0x00000000d8000000,0x00000000d8500000)
 ParOldGen       total 87552K, used 0K [0x0000000081e00000, 0x0000000087380000, 0x00000000d5f80000)
  object space 87552K, 0% used [0x0000000081e00000,0x0000000081e00000,0x0000000087380000)
 Metaspace       used 751K, capacity 4480K, committed 4480K, reserved 1056768K
  class space    used 76K, capacity 384K, committed 384K, reserved 1048576K

Card table byte_map: [0x0000000012680000,0x0000000012a80000] byte_map_base: 0x0000000012271000

Marking Bits: (ParMarkBitMap*) 0x000000006d762d00
 Begin Bits: [0x0000000013130000, 0x00000000150b8000)
 End Bits:   [0x00000000150b8000, 0x0000000017040000)

Polling page: 0x00000000011f0000

CodeCache: size=245760Kb used=328Kb max_used=328Kb free=245431Kb
 bounds [0x00000000032c0000, 0x0000000003530000, 0x00000000122c0000]
 total_blobs=58 nmethods=0 adapters=38
 compilation: enabled

Compilation events (0 events):
No events

GC Heap History (0 events):
No events

Deoptimization events (0 events):
No events

Classes redefined (0 events):
No events

Internal exceptions (0 events):
No events

Events (10 events):
Event: 0.053 loading class java/lang/Short
Event: 0.053 loading class java/lang/Short done
Event: 0.053 loading class java/lang/Integer
Event: 0.053 loading class java/lang/Integer done
Event: 0.053 loading class java/lang/Long
Event: 0.053 loading class java/lang/Long done
Event: 0.054 loading class java/lang/NullPointerException
Event: 0.055 loading class java/lang/NullPointerException done
Event: 0.055 loading class java/lang/ArithmeticException
Event: 0.055 loading class java/lang/ArithmeticException done


Dynamic libraries:
0x00007ff6cf250000 - 0x00007ff6cf287000 	C:\Program Files\Java\jre1.8.0_181\bin\javaw.exe
0x00007ff809e40000 - 0x00007ff80a021000 	C:\WINDOWS\SYSTEM32\ntdll.dll
0x00007ff807b00000 - 0x00007ff807bb1000 	C:\WINDOWS\System32\KERNEL32.DLL
0x00007ff806310000 - 0x00007ff806583000 	C:\WINDOWS\System32\KERNELBASE.dll
0x00007ff807bc0000 - 0x00007ff807c61000 	C:\WINDOWS\System32\ADVAPI32.dll
0x00007ff8074b0000 - 0x00007ff80754e000 	C:\WINDOWS\System32\msvcrt.dll
0x00007ff8096a0000 - 0x00007ff8096fb000 	C:\WINDOWS\System32\sechost.dll
0x00007ff807550000 - 0x00007ff807674000 	C:\WINDOWS\System32\RPCRT4.dll
0x00007ff807c70000 - 0x00007ff807e00000 	C:\WINDOWS\System32\USER32.dll
0x00007ff8072b0000 - 0x00007ff8072d0000 	C:\WINDOWS\System32\win32u.dll
0x00007ff809c60000 - 0x00007ff809c88000 	C:\WINDOWS\System32\GDI32.dll
0x00007ff8065e0000 - 0x00007ff806772000 	C:\WINDOWS\System32\gdi32full.dll
0x00007ff806270000 - 0x00007ff80630f000 	C:\WINDOWS\System32\msvcp_win.dll
0x00007ff806780000 - 0x00007ff806878000 	C:\WINDOWS\System32\ucrtbase.dll
0x00007ffff0f70000 - 0x00007ffff11d9000 	C:\WINDOWS\WinSxS\amd64_microsoft.windows.common-controls_6595b64144ccf1df_6.0.17134.765_none_fb42a1a930655896\COMCTL32.dll
0x00007ff8077d0000 - 0x00007ff807af2000 	C:\WINDOWS\System32\combase.dll
0x00007ff807040000 - 0x00007ff8070ba000 	C:\WINDOWS\System32\bcryptPrimitives.dll
0x00007ff807480000 - 0x00007ff8074ad000 	C:\WINDOWS\System32\IMM32.DLL
0x000000006cc90000 - 0x000000006cd62000 	C:\Program Files\Java\jre1.8.0_181\bin\msvcr100.dll
0x000000006cf40000 - 0x000000006d7e2000 	C:\Program Files\Java\jre1.8.0_181\bin\server\jvm.dll
0x00007ff8076a0000 - 0x00007ff8076a8000 	C:\WINDOWS\System32\PSAPI.DLL
0x00007ff8044a0000 - 0x00007ff8044c3000 	C:\WINDOWS\SYSTEM32\WINMM.dll
0x00007ff804340000 - 0x00007ff80436a000 	C:\WINDOWS\SYSTEM32\WINMMBASE.dll
0x00007ff806590000 - 0x00007ff8065d9000 	C:\WINDOWS\System32\cfgmgr32.dll
0x00007ffff47e0000 - 0x00007ffff47ea000 	C:\WINDOWS\SYSTEM32\VERSION.dll
0x00007ff8012c0000 - 0x00007ff8012c9000 	C:\WINDOWS\SYSTEM32\WSOCK32.dll
0x00007ff808050000 - 0x00007ff8080bc000 	C:\WINDOWS\System32\WS2_32.dll
0x000000006ce50000 - 0x000000006ce5f000 	C:\Program Files\Java\jre1.8.0_181\bin\verify.dll
0x000000006ce20000 - 0x000000006ce49000 	C:\Program Files\Java\jre1.8.0_181\bin\java.dll
0x000000006ce00000 - 0x000000006ce16000 	C:\Program Files\Java\jre1.8.0_181\bin\zip.dll

VM Arguments:
jvm_args: -Dcom.sun.management.jmxremote -Dcom.sun.management.jmxremote.port=63659 -Dcom.sun.management.jmxremote.authenticate=false -Dcom.sun.management.jmxremote.ssl=false -Djava.rmi.server.hostname=localhost -Dspring.liveBeansView.mbeanDomain -Dspring.application.admin.enabled=true -Xverify:none -XX:TieredStopAtLevel=1 -Dfile.encoding=UTF-8 
java_command: com.nelioalves.cursomc.CursomcApplication --spring.output.ansi.enabled=always
java_class_path (initial): C:\tem\ws\cursomc\target\classes;C:\Users\Fábio\.m2\repository\org\springframework\boot\spring-boot-starter-web\2.2.0.BUILD-SNAPSHOT\spring-boot-starter-web-2.2.0.BUILD-SNAPSHOT.jar;C:\Users\Fábio\.m2\repository\org\springframework\boot\spring-boot-starter\2.2.0.BUILD-SNAPSHOT\spring-boot-starter-2.2.0.BUILD-SNAPSHOT.jar;C:\Users\Fábio\.m2\repository\org\springframework\boot\spring-boot-starter-logging\2.2.0.BUILD-SNAPSHOT\spring-boot-starter-logging-2.2.0.BUILD-SNAPSHOT.jar;C:\Users\Fábio\.m2\repository\ch\qos\logback\logback-classic\1.2.3\logback-classic-1.2.3.jar;C:\Users\Fábio\.m2\repository\ch\qos\logback\logback-core\1.2.3\logback-core-1.2.3.jar;C:\Users\Fábio\.m2\repository\org\apache\logging\log4j\log4j-to-slf4j\2.11.2\log4j-to-slf4j-2.11.2.jar;C:\Users\Fábio\.m2\repository\org\apache\logging\log4j\log4j-api\2.11.2\log4j-api-2.11.2.jar;C:\Users\Fábio\.m2\repository\org\slf4j\jul-to-slf4j\1.7.25\jul-to-slf4j-1.7.25.jar;C:\Users\Fábio\.m2\repository\javax\annotation\javax.annotation-api\1.3.2\javax.annotation-api-1.3.2.jar;C:\Users\Fábio\.m2\repository\org\yaml\snakeyaml\1.23\snakeyaml-1.23.jar;C:\Users\Fábio\.m2\repository\org\springframework\boot\spring-boot-starter-json\2.2.0.BUILD-SNAPSHOT\spring-boot-starter-json-2.2.0.BUILD-SNAPSHOT.jar;C:\Users\Fábio\.m2\repository\com\fasterxml\jackson\datatype\jackson-datatype-jdk8\2.9.8\jackson-datatype-jdk8-2.9.8.jar;C:\Users\Fábio\.m2\repository\com\fasterxml\jackson\datatype\jackson-datatype-jsr310\2.9.8\jackson-datatype-jsr310-2.9.8.jar;C:\Users\Fábio\.m2\repository\com\fasterxml\jackson\module\jackson-module-parameter-names\2.9.8\jackson-module-parameter-names-2.9.8.jar;C:\Users\Fábio\.m2\repository\org\springframework\boot\spring-boot-starter-tomcat\2.2.0.BUILD-SNAPSHOT\spring-boot-starter-tomcat-2.2.0.BUILD-SNAPSHOT.jar;C:\Users\Fábio\.m2\repository\org\apache\tomcat\embed\tomcat-embed-core\9.0.16\tomcat-embed-core-9.0.16.jar;C:\Users\Fábio\.m2\repository\org\apache\tomcat\embed\to
Launcher Type: SUN_STANDARD

Environment Variables:
JAVA_HOME=C:\Program Files\Java\jdk1.8.0_181
CLASSPATH=C:\Program Files\Java\jdk1.8.0_181\lib
PATH=C:/Program Files/Java/jre1.8.0_181/bin/server;C:/Program Files/Java/jre1.8.0_181/bin;C:/Program Files/Java/jre1.8.0_181/lib/amd64;C:\Program Files (x86)\Common Files\Oracle\Java\javapath;C:\ProgramData\Oracle\Java\javapath;C:\Program Files\Java\jdk1.8.0_181\bin;C:\Program Files\Intel\iCLS Client\;C:\WINDOWS\system32;C:\WINDOWS;C:\WINDOWS\System32\Wbem;C:\WINDOWS\System32\WindowsPowerShell\v1.0\;C:\Program Files (x86)\Intel\Intel(R) Management Engine Components\DAL;C:\Program Files\Intel\Intel(R) Management Engine Components\DAL;C:\Program Files (x86)\Intel\Intel(R) Management Engine Components\IPT;C:\Program Files\Intel\Intel(R) Management Engine Components\IPT;C:\Program Files\Intel\WiFi\bin\;C:\Program Files\Common Files\Intel\WirelessCommon\;C:\WINDOWS\System32\OpenSSH\;C:\Program Files\MySQL\MySQL Server 8.0\bin;%QUARTUS_ROOTDIR%\bin;C:\Users\Fábio\AppData\Local\Microsoft\WindowsApps;C:\Program Files\heroku\bin;C:\sts-bundle\sts-3.9.0.RELEASE;
USERNAME=Fabio
OS=Windows_NT
PROCESSOR_IDENTIFIER=Intel64 Family 6 Model 142 Stepping 9, GenuineIntel



---------------  S Y S T E M  ---------------

OS: Windows 10.0 , 64 bit Build 17134 (10.0.17134.753)

CPU:total 4 (initial active 4) (2 cores per cpu, 2 threads per core) family 6 model 142 stepping 9, cmov, cx8, fxsr, mmx, sse, sse2, sse3, ssse3, sse4.1, sse4.2, popcnt, avx, avx2, aes, clmul, erms, 3dnowpref, lzcnt, ht, tsc, tscinvbit, bmi1, bmi2, adx

Memory: 4k page, physical 8261220k(2695012k free), swap 8261220k(8520k free)

vm_info: Java HotSpot(TM) 64-Bit Server VM (25.181-b13) for windows-amd64 JRE (1.8.0_181-b13), built on Jul  7 2018 04:01:33 by "java_re" with MS VC++ 10.0 (VS2010)

time: Wed Jun 05 07:14:23 2019
elapsed time: 0 seconds (0d 0h 0m 0s)

