#
# There is insufficient memory for the Java Runtime Environment to continue.
# Native memory allocation (malloc) failed to allocate 32744 bytes for ChunkPool::allocate
# Possible reasons:
#   The system is out of physical RAM or swap space
#   In 32 bit mode, the process size limit was hit
# Possible solutions:
#   Reduce memory load on the system
#   Increase physical memory or swap space
#   Check if swap backing store is full
#   Use 64 bit Java on a 64 bit OS
#   Decrease Java heap size (-Xmx/-Xms)
#   Decrease number of Java threads
#   Decrease Java thread stack sizes (-Xss)
#   Set larger code cache with -XX:ReservedCodeCacheSize=
# This output file may be truncated or incomplete.
#
#  Out of Memory Error (allocation.cpp:273), pid=14352, tid=0x0000000000003068
#
# JRE version: Java(TM) SE Runtime Environment (8.0_181-b13) (build 1.8.0_181-b13)
# Java VM: Java HotSpot(TM) 64-Bit Server VM (25.181-b13 mixed mode windows-amd64 compressed oops)
# Failed to write core dump. Minidumps are not enabled by default on client versions of Windows
#

---------------  T H R E A D  ---------------

Current thread (0x00000000179aa800):  JavaThread "C1 CompilerThread2" daemon [_thread_in_native, id=12392, stack(0x00000000191f0000,0x00000000192f0000)]

Stack: [0x00000000191f0000,0x00000000192f0000]
[error occurred during error reporting (printing stack bounds), id 0xc0000005]

Native frames: (J=compiled Java code, j=interpreted, Vv=VM code, C=native code)


Current CompileTask:
C1:  12500 3357   !   1       org.h2.value.Value::convertTo (3662 bytes)


---------------  P R O C E S S  ---------------

Java Threads: ( => current thread )
  0x000000001c0d3800 JavaThread "HikariPool-1 connection adder" daemon [_thread_blocked, id=7608, stack(0x000000001d750000,0x000000001d850000)]
  0x000000001bfbf800 JavaThread "HikariPool-1 housekeeper" daemon [_thread_blocked, id=7820, stack(0x000000001d650000,0x000000001d750000)]
  0x000000001bfb9800 JavaThread "mysql-cj-abandoned-connection-cleanup" daemon [_thread_blocked, id=9264, stack(0x000000001d350000,0x000000001d450000)]
  0x000000001bfa7800 JavaThread "container-0" [_thread_blocked, id=8288, stack(0x000000001d250000,0x000000001d350000)]
  0x000000001bfa7000 JavaThread "Catalina-utility-2" [_thread_blocked, id=11904, stack(0x000000001d150000,0x000000001d250000)]
  0x000000001bf9c800 JavaThread "Catalina-utility-1" [_thread_blocked, id=14884, stack(0x000000001d050000,0x000000001d150000)]
  0x000000001a049000 JavaThread "restartedMain" [_thread_in_native, id=10456, stack(0x000000001ac80000,0x000000001ad80000)]
  0x000000001a048800 JavaThread "Thread-1" [_thread_blocked, id=5736, stack(0x000000001ab80000,0x000000001ac80000)]
  0x0000000019d30800 JavaThread "RMI TCP Accept-0" daemon [_thread_in_native, id=8256, stack(0x000000001a530000,0x000000001a630000)]
  0x0000000019d2e000 JavaThread "RMI TCP Accept-57866" daemon [_thread_in_native, id=10736, stack(0x000000001a430000,0x000000001a530000)]
  0x0000000019d1f000 JavaThread "RMI TCP Accept-0" daemon [_thread_in_native, id=4032, stack(0x000000001a330000,0x000000001a430000)]
  0x0000000019328800 JavaThread "Service Thread" daemon [_thread_blocked, id=8604, stack(0x00000000196f0000,0x00000000197f0000)]
=>0x00000000179aa800 JavaThread "C1 CompilerThread2" daemon [_thread_in_native, id=12392, stack(0x00000000191f0000,0x00000000192f0000)]
  0x000000001798c000 JavaThread "C2 CompilerThread1" daemon [_thread_blocked, id=11320, stack(0x00000000190f0000,0x00000000191f0000)]
  0x0000000017982800 JavaThread "C2 CompilerThread0" daemon [_thread_blocked, id=2416, stack(0x0000000018ff0000,0x00000000190f0000)]
  0x0000000017981800 JavaThread "Attach Listener" daemon [_thread_blocked, id=14632, stack(0x0000000018ef0000,0x0000000018ff0000)]
  0x0000000017980800 JavaThread "Signal Dispatcher" daemon [_thread_blocked, id=3856, stack(0x0000000018df0000,0x0000000018ef0000)]
  0x000000001796c000 JavaThread "Finalizer" daemon [_thread_blocked, id=6232, stack(0x0000000018be0000,0x0000000018ce0000)]
  0x0000000002e56000 JavaThread "Reference Handler" daemon [_thread_blocked, id=7856, stack(0x0000000018ae0000,0x0000000018be0000)]
  0x0000000002d66000 JavaThread "main" [_thread_blocked, id=14448, stack(0x0000000002b90000,0x0000000002c90000)]

Other Threads:
  0x0000000017948000 VMThread [stack: 0x00000000189e0000,0x0000000018ae0000] [id=8172]
  0x0000000019d32800 WatcherThread [stack: 0x000000001a630000,0x000000001a730000] [id=11568]

VM state:not at safepoint (normal execution)

VM Mutex/Monitor currently owned by a thread: None

Heap:
 PSYoungGen      total 156160K, used 5065K [0x00000000d5f80000, 0x00000000e0580000, 0x0000000100000000)
  eden space 142336K, 3% used [0x00000000d5f80000,0x00000000d6472450,0x00000000dea80000)
  from space 13824K, 0% used [0x00000000dea80000,0x00000000dea80000,0x00000000df800000)
  to   space 13312K, 0% used [0x00000000df800000,0x00000000df800000,0x00000000e0500000)
 ParOldGen       total 49152K, used 21324K [0x0000000081e00000, 0x0000000084e00000, 0x00000000d5f80000)
  object space 49152K, 43% used [0x0000000081e00000,0x00000000832d3380,0x0000000084e00000)
 Metaspace       used 37767K, capacity 39488K, committed 39680K, reserved 1089536K
  class space    used 5268K, capacity 5598K, committed 5632K, reserved 1048576K

Card table byte_map: [0x0000000012220000,0x0000000012620000] byte_map_base: 0x0000000011e11000

Marking Bits: (ParMarkBitMap*) 0x00000000626b2d00
 Begin Bits: [0x0000000012cd0000, 0x0000000014c58000)
 End Bits:   [0x0000000014c58000, 0x0000000016be0000)

Polling page: 0x00000000009f0000

CodeCache: size=245760Kb used=7076Kb max_used=7076Kb free=238683Kb
 bounds [0x0000000002e60000, 0x0000000003550000, 0x0000000011e60000]
 total_blobs=3820 nmethods=3352 adapters=379
 compilation: enabled

Compilation events (10 events):
Event: 12.380 Thread 0x00000000179aa800 nmethod 3352 0x0000000003547910 code [0x0000000003547a60, 0x0000000003547ba8]
Event: 12.380 Thread 0x00000000179aa800 3353       1       org.h2.table.Column::<init> (99 bytes)
Event: 12.381 Thread 0x00000000179aa800 nmethod 3353 0x0000000003547c50 code [0x0000000003547da0, 0x0000000003547f88]
Event: 12.420 Thread 0x00000000179aa800 3354       1       org.h2.value.Value::<init> (5 bytes)
Event: 12.420 Thread 0x00000000179aa800 nmethod 3354 0x0000000003548290 code [0x00000000035483e0, 0x00000000035484f0]
Event: 12.421 Thread 0x00000000179aa800 3355       1       org.h2.value.ValueString::getType (3 bytes)
Event: 12.421 Thread 0x00000000179aa800 nmethod 3355 0x0000000003548550 code [0x00000000035486a0, 0x00000000035487b0]
Event: 12.421 Thread 0x00000000179aa800 3356       1       org.h2.table.Column::getEnumerators (5 bytes)
Event: 12.421 Thread 0x00000000179aa800 nmethod 3356 0x0000000003548810 code [0x0000000003548960, 0x0000000003548a70]
Event: 12.425 Thread 0x00000000179aa800 3357   !   1       org.h2.value.Value::convertTo (3662 bytes)

GC Heap History (10 events):
Event: 9.827 GC heap before
{Heap before GC invocations=10 (full 1):
 PSYoungGen      total 110592K, used 109496K [0x00000000d5f80000, 0x00000000dd680000, 0x0000000100000000)
  eden space 101376K, 100% used [0x00000000d5f80000,0x00000000dc280000,0x00000000dc280000)
  from space 9216K, 88% used [0x00000000dcc00000,0x00000000dd3ee028,0x00000000dd500000)
  to   space 9728K, 0% used [0x00000000dc280000,0x00000000dc280000,0x00000000dcc00000)
 ParOldGen       total 49152K, used 5459K [0x0000000081e00000, 0x0000000084e00000, 0x00000000d5f80000)
  object space 49152K, 11% used [0x0000000081e00000,0x0000000082354eb8,0x0000000084e00000)
 Metaspace       used 29518K, capacity 31164K, committed 31360K, reserved 1077248K
  class space    used 4095K, capacity 4422K, committed 4480K, reserved 1048576K
Event: 9.864 GC heap after
Heap after GC invocations=10 (full 1):
 PSYoungGen      total 111104K, used 9717K [0x00000000d5f80000, 0x00000000e0500000, 0x0000000100000000)
  eden space 101376K, 0% used [0x00000000d5f80000,0x00000000d5f80000,0x00000000dc280000)
  from space 9728K, 99% used [0x00000000dc280000,0x00000000dcbfd6f8,0x00000000dcc00000)
  to   space 13312K, 0% used [0x00000000df800000,0x00000000df800000,0x00000000e0500000)
 ParOldGen       total 49152K, used 10229K [0x0000000081e00000, 0x0000000084e00000, 0x00000000d5f80000)
  object space 49152K, 20% used [0x0000000081e00000,0x00000000827fd738,0x0000000084e00000)
 Metaspace       used 29518K, capacity 31164K, committed 31360K, reserved 1077248K
  class space    used 4095K, capacity 4422K, committed 4480K, reserved 1048576K
}
Event: 11.089 GC heap before
{Heap before GC invocations=11 (full 1):
 PSYoungGen      total 111104K, used 69866K [0x00000000d5f80000, 0x00000000e0500000, 0x0000000100000000)
  eden space 101376K, 59% used [0x00000000d5f80000,0x00000000d9a3d238,0x00000000dc280000)
  from space 9728K, 99% used [0x00000000dc280000,0x00000000dcbfd6f8,0x00000000dcc00000)
  to   space 13312K, 0% used [0x00000000df800000,0x00000000df800000,0x00000000e0500000)
 ParOldGen       total 49152K, used 10229K [0x0000000081e00000, 0x0000000084e00000, 0x00000000d5f80000)
  object space 49152K, 20% used [0x0000000081e00000,0x00000000827fd738,0x0000000084e00000)
 Metaspace       used 33686K, capacity 35374K, committed 35416K, reserved 1079296K
  class space    used 4498K, capacity 4847K, committed 4864K, reserved 1048576K
Event: 11.117 GC heap after
Heap after GC invocations=11 (full 1):
 PSYoungGen      total 155648K, used 10189K [0x00000000d5f80000, 0x00000000e0580000, 0x0000000100000000)
  eden space 142336K, 0% used [0x00000000d5f80000,0x00000000d5f80000,0x00000000dea80000)
  from space 13312K, 76% used [0x00000000df800000,0x00000000e01f34a8,0x00000000e0500000)
  to   space 13824K, 0% used [0x00000000dea80000,0x00000000dea80000,0x00000000df800000)
 ParOldGen       total 49152K, used 13703K [0x0000000081e00000, 0x0000000084e00000, 0x00000000d5f80000)
  object space 49152K, 27% used [0x0000000081e00000,0x0000000082b61d30,0x0000000084e00000)
 Metaspace       used 33686K, capacity 35374K, committed 35416K, reserved 1079296K
  class space    used 4498K, capacity 4847K, committed 4864K, reserved 1048576K
}
Event: 11.117 GC heap before
{Heap before GC invocations=12 (full 2):
 PSYoungGen      total 155648K, used 10189K [0x00000000d5f80000, 0x00000000e0580000, 0x0000000100000000)
  eden space 142336K, 0% used [0x00000000d5f80000,0x00000000d5f80000,0x00000000dea80000)
  from space 13312K, 76% used [0x00000000df800000,0x00000000e01f34a8,0x00000000e0500000)
  to   space 13824K, 0% used [0x00000000dea80000,0x00000000dea80000,0x00000000df800000)
 ParOldGen       total 49152K, used 13703K [0x0000000081e00000, 0x0000000084e00000, 0x00000000d5f80000)
  object space 49152K, 27% used [0x0000000081e00000,0x0000000082b61d30,0x0000000084e00000)
 Metaspace       used 33686K, capacity 35374K, committed 35416K, reserved 1079296K
  class space    used 4498K, capacity 4847K, committed 4864K, reserved 1048576K
Event: 11.315 GC heap after
Heap after GC invocations=12 (full 2):
 PSYoungGen      total 155648K, used 0K [0x00000000d5f80000, 0x00000000e0580000, 0x0000000100000000)
  eden space 142336K, 0% used [0x00000000d5f80000,0x00000000d5f80000,0x00000000dea80000)
  from space 13312K, 0% used [0x00000000df800000,0x00000000df800000,0x00000000e0500000)
  to   space 13824K, 0% used [0x00000000dea80000,0x00000000dea80000,0x00000000df800000)
 ParOldGen       total 49152K, used 20241K [0x0000000081e00000, 0x0000000084e00000, 0x00000000d5f80000)
  object space 49152K, 41% used [0x0000000081e00000,0x00000000831c4438,0x0000000084e00000)
 Metaspace       used 33686K, capacity 35374K, committed 35416K, reserved 1079296K
  class space    used 4498K, capacity 4847K, committed 4864K, reserved 1048576K
}
Event: 12.162 GC heap before
{Heap before GC invocations=13 (full 2):
 PSYoungGen      total 155648K, used 37981K [0x00000000d5f80000, 0x00000000e0580000, 0x0000000100000000)
  eden space 142336K, 26% used [0x00000000d5f80000,0x00000000d84977f0,0x00000000dea80000)
  from space 13312K, 0% used [0x00000000df800000,0x00000000df800000,0x00000000e0500000)
  to   space 13824K, 0% used [0x00000000dea80000,0x00000000dea80000,0x00000000df800000)
 ParOldGen       total 49152K, used 20241K [0x0000000081e00000, 0x0000000084e00000, 0x00000000d5f80000)
  object space 49152K, 41% used [0x0000000081e00000,0x00000000831c4438,0x0000000084e00000)
 Metaspace       used 37220K, capacity 38944K, committed 39168K, reserved 1089536K
  class space    used 5213K, capacity 5566K, committed 5632K, reserved 1048576K
Event: 12.169 GC heap after
Heap after GC invocations=13 (full 2):
 PSYoungGen      total 156160K, used 3936K [0x00000000d5f80000, 0x00000000e0580000, 0x0000000100000000)
  eden space 142336K, 0% used [0x00000000d5f80000,0x00000000d5f80000,0x00000000dea80000)
  from space 13824K, 28% used [0x00000000dea80000,0x00000000dee58398,0x00000000df800000)
  to   space 13312K, 0% used [0x00000000df800000,0x00000000df800000,0x00000000e0500000)
 ParOldGen       total 49152K, used 20241K [0x0000000081e00000, 0x0000000084e00000, 0x00000000d5f80000)
  object space 49152K, 41% used [0x0000000081e00000,0x00000000831c4438,0x0000000084e00000)
 Metaspace       used 37220K, capacity 38944K, committed 39168K, reserved 1089536K
  class space    used 5213K, capacity 5566K, committed 5632K, reserved 1048576K
}
Event: 12.169 GC heap before
{Heap before GC invocations=14 (full 3):
 PSYoungGen      total 156160K, used 3936K [0x00000000d5f80000, 0x00000000e0580000, 0x0000000100000000)
  eden space 142336K, 0% used [0x00000000d5f80000,0x00000000d5f80000,0x00000000dea80000)
  from space 13824K, 28% used [0x00000000dea80000,0x00000000dee58398,0x00000000df800000)
  to   space 13312K, 0% used [0x00000000df800000,0x00000000df800000,0x00000000e0500000)
 ParOldGen       total 49152K, used 20241K [0x0000000081e00000, 0x0000000084e00000, 0x00000000d5f80000)
  object space 49152K, 41% used [0x0000000081e00000,0x00000000831c4438,0x0000000084e00000)
 Metaspace       used 37220K, capacity 38944K, committed 39168K, reserved 1089536K
  class space    used 5213K, capacity 5566K, committed 5632K, reserved 1048576K
Event: 12.315 GC heap after
Heap after GC invocations=14 (full 3):
 PSYoungGen      total 156160K, used 0K [0x00000000d5f80000, 0x00000000e0580000, 0x0000000100000000)
  eden space 142336K, 0% used [0x00000000d5f80000,0x00000000d5f80000,0x00000000dea80000)
  from space 13824K, 0% used [0x00000000dea80000,0x00000000dea80000,0x00000000df800000)
  to   space 13312K, 0% used [0x00000000df800000,0x00000000df800000,0x00000000e0500000)
 ParOldGen       total 49152K, used 21324K [0x0000000081e00000, 0x0000000084e00000, 0x00000000d5f80000)
  object space 49152K, 43% used [0x0000000081e00000,0x00000000832d3380,0x0000000084e00000)
 Metaspace       used 37220K, capacity 38944K, committed 39168K, reserved 1087488K
  class space    used 5213K, capacity 5566K, committed 5632K, reserved 1048576K
}

Deoptimization events (0 events):
No events

Classes redefined (0 events):
No events

Internal exceptions (10 events):
Event: 10.242 Thread 0x000000001a049000 Implicit null exception at 0x00000000033354cd to 0x0000000003335709
Event: 10.242 Thread 0x000000001a049000 Exception <a 'java/lang/NullPointerException'> (0x00000000d80c88f0) thrown at [C:\re\workspace\8-2-build-windows-amd64-cygwin\jdk8u181\11358\hotspot\src\share\vm\runtime\sharedRuntime.cpp, line 605]
Event: 10.251 Thread 0x000000001a049000 Exception <a 'java/lang/ArrayIndexOutOfBoundsException'> (0x00000000d816e678) thrown at [C:\re\workspace\8-2-build-windows-amd64-cygwin\jdk8u181\11358\hotspot\src\share\vm\runtime\sharedRuntime.cpp, line 605]
Event: 10.268 Thread 0x000000001a049000 Exception <a 'java/lang/ArrayIndexOutOfBoundsException'> (0x00000000d8224868) thrown at [C:\re\workspace\8-2-build-windows-amd64-cygwin\jdk8u181\11358\hotspot\src\share\vm\runtime\sharedRuntime.cpp, line 605]
Event: 10.272 Thread 0x000000001a049000 Exception <a 'java/lang/ArrayIndexOutOfBoundsException'> (0x00000000d8244a38) thrown at [C:\re\workspace\8-2-build-windows-amd64-cygwin\jdk8u181\11358\hotspot\src\share\vm\runtime\sharedRuntime.cpp, line 605]
Event: 10.274 Thread 0x000000001a049000 Exception <a 'java/lang/ArrayIndexOutOfBoundsException'> (0x00000000d82559e0) thrown at [C:\re\workspace\8-2-build-windows-amd64-cygwin\jdk8u181\11358\hotspot\src\share\vm\runtime\sharedRuntime.cpp, line 605]
Event: 10.282 Thread 0x000000001a049000 Exception <a 'java/lang/ArrayIndexOutOfBoundsException'> (0x00000000d8395508) thrown at [C:\re\workspace\8-2-build-windows-amd64-cygwin\jdk8u181\11358\hotspot\src\share\vm\runtime\sharedRuntime.cpp, line 605]
Event: 10.287 Thread 0x000000001a049000 Exception <a 'java/lang/ArrayIndexOutOfBoundsException'> (0x00000000d83f97f8) thrown at [C:\re\workspace\8-2-build-windows-amd64-cygwin\jdk8u181\11358\hotspot\src\share\vm\runtime\sharedRuntime.cpp, line 605]
Event: 10.298 Thread 0x000000001a049000 Exception <a 'java/lang/ArrayIndexOutOfBoundsException'> (0x00000000d84ad330) thrown at [C:\re\workspace\8-2-build-windows-amd64-cygwin\jdk8u181\11358\hotspot\src\share\vm\runtime\sharedRuntime.cpp, line 605]
Event: 10.298 Thread 0x000000001a049000 Exception <a 'java/lang/ArrayIndexOutOfBoundsException'> (0x00000000d84aecf8) thrown at [C:\re\workspace\8-2-build-windows-amd64-cygwin\jdk8u181\11358\hotspot\src\share\vm\runtime\sharedRuntime.cpp, line 605]

Events (10 events):
Event: 12.435 loading class org/hibernate/internal/util/collections/ArrayHelper
Event: 12.435 loading class org/hibernate/internal/util/collections/ArrayHelper done
Event: 12.440 loading class org/hibernate/engine/jdbc/env/spi/AnsiSqlKeywords
Event: 12.440 loading class org/hibernate/engine/jdbc/env/spi/AnsiSqlKeywords done
Event: 12.444 loading class org/hibernate/engine/jdbc/env/internal/NormalizingIdentifierHelperImpl
Event: 12.444 loading class org/hibernate/engine/jdbc/env/internal/NormalizingIdentifierHelperImpl done
Event: 12.445 loading class org/hibernate/engine/jdbc/env/spi/IdentifierHelper
Event: 12.445 loading class org/hibernate/engine/jdbc/env/spi/IdentifierHelper done
Event: 12.448 loading class org/hibernate/engine/jdbc/env/internal/ExtractedDatabaseMetaDataImpl$Builder
Event: 12.448 loading class org/hibernate/engine/jdbc/env/internal/ExtractedDatabaseMetaDataImpl$Builder done


Dynamic libraries:
0x00007ff7c9830000 - 0x00007ff7c9867000 	C:\Program Files\Java\jre1.8.0_181\bin\javaw.exe
0x00007ffb8ec30000 - 0x00007ffb8ee11000 	C:\WINDOWS\SYSTEM32\ntdll.dll
0x00007ffb8df80000 - 0x00007ffb8e031000 	C:\WINDOWS\System32\KERNEL32.DLL
0x00007ffb8b3a0000 - 0x00007ffb8b613000 	C:\WINDOWS\System32\KERNELBASE.dll
0x00007ffb8c220000 - 0x00007ffb8c2c1000 	C:\WINDOWS\System32\ADVAPI32.dll
0x00007ffb8ea30000 - 0x00007ffb8eace000 	C:\WINDOWS\System32\msvcrt.dll
0x00007ffb8c1c0000 - 0x00007ffb8c21b000 	C:\WINDOWS\System32\sechost.dll
0x00007ffb8ead0000 - 0x00007ffb8ebf4000 	C:\WINDOWS\System32\RPCRT4.dll
0x00007ffb8e570000 - 0x00007ffb8e700000 	C:\WINDOWS\System32\USER32.dll
0x00007ffb8b380000 - 0x00007ffb8b3a0000 	C:\WINDOWS\System32\win32u.dll
0x00007ffb8c7e0000 - 0x00007ffb8c808000 	C:\WINDOWS\System32\GDI32.dll
0x00007ffb8b1e0000 - 0x00007ffb8b372000 	C:\WINDOWS\System32\gdi32full.dll
0x00007ffb8be30000 - 0x00007ffb8becf000 	C:\WINDOWS\System32\msvcp_win.dll
0x00007ffb8b620000 - 0x00007ffb8b718000 	C:\WINDOWS\System32\ucrtbase.dll
0x00007ffb79270000 - 0x00007ffb794d9000 	C:\WINDOWS\WinSxS\amd64_microsoft.windows.common-controls_6595b64144ccf1df_6.0.17134.706_none_fb43a2cb30647007\COMCTL32.dll
0x00007ffb8e240000 - 0x00007ffb8e562000 	C:\WINDOWS\System32\combase.dll
0x00007ffb8b0b0000 - 0x00007ffb8b12a000 	C:\WINDOWS\System32\bcryptPrimitives.dll
0x00007ffb8c0c0000 - 0x00007ffb8c0ed000 	C:\WINDOWS\System32\IMM32.DLL
0x0000000061c20000 - 0x0000000061cf2000 	C:\Program Files\Java\jre1.8.0_181\bin\msvcr100.dll
0x0000000061e90000 - 0x0000000062732000 	C:\Program Files\Java\jre1.8.0_181\bin\server\jvm.dll
0x00007ffb8ea20000 - 0x00007ffb8ea28000 	C:\WINDOWS\System32\PSAPI.DLL
0x00007ffb7a810000 - 0x00007ffb7a81a000 	C:\WINDOWS\SYSTEM32\VERSION.dll
0x00007ffb87590000 - 0x00007ffb875b3000 	C:\WINDOWS\SYSTEM32\WINMM.dll
0x00007ffb78520000 - 0x00007ffb78529000 	C:\WINDOWS\SYSTEM32\WSOCK32.dll
0x00007ffb8dd80000 - 0x00007ffb8ddec000 	C:\WINDOWS\System32\WS2_32.dll
0x00007ffb87560000 - 0x00007ffb8758a000 	C:\WINDOWS\SYSTEM32\winmmbase.dll
0x00007ffb8b130000 - 0x00007ffb8b179000 	C:\WINDOWS\System32\cfgmgr32.dll
0x0000000061da0000 - 0x0000000061daf000 	C:\Program Files\Java\jre1.8.0_181\bin\verify.dll
0x0000000061d70000 - 0x0000000061d99000 	C:\Program Files\Java\jre1.8.0_181\bin\java.dll
0x0000000061d50000 - 0x0000000061d66000 	C:\Program Files\Java\jre1.8.0_181\bin\zip.dll
0x00007ffb8c890000 - 0x00007ffb8dcd0000 	C:\WINDOWS\System32\SHELL32.dll
0x00007ffb8dcd0000 - 0x00007ffb8dd79000 	C:\WINDOWS\System32\shcore.dll
0x00007ffb8b720000 - 0x00007ffb8be2d000 	C:\WINDOWS\System32\windows.storage.dll
0x00007ffb8c330000 - 0x00007ffb8c381000 	C:\WINDOWS\System32\shlwapi.dll
0x00007ffb8afe0000 - 0x00007ffb8aff1000 	C:\WINDOWS\System32\kernel.appcore.dll
0x00007ffb8af40000 - 0x00007ffb8af5f000 	C:\WINDOWS\System32\profapi.dll
0x00007ffb8af60000 - 0x00007ffb8afac000 	C:\WINDOWS\System32\powrprof.dll
0x00007ffb8afd0000 - 0x00007ffb8afda000 	C:\WINDOWS\System32\FLTLIB.DLL
0x0000000061d00000 - 0x0000000061d0d000 	C:\Program Files\Java\jre1.8.0_181\bin\management.dll
0x00000000619e0000 - 0x00000000619fa000 	C:\Program Files\Java\jre1.8.0_181\bin\net.dll
0x00007ffb8a760000 - 0x00007ffb8a7c6000 	C:\WINDOWS\system32\mswsock.dll
0x00000000619c0000 - 0x00000000619d1000 	C:\Program Files\Java\jre1.8.0_181\bin\nio.dll
0x00007ffb7aca0000 - 0x00007ffb7acb6000 	C:\WINDOWS\system32\napinsp.dll
0x00007ffb7a6e0000 - 0x00007ffb7a6fa000 	C:\WINDOWS\system32\pnrpnsp.dll
0x00007ffb86430000 - 0x00007ffb86449000 	C:\WINDOWS\system32\NLAapi.dll
0x00007ffb8a520000 - 0x00007ffb8a5de000 	C:\WINDOWS\SYSTEM32\DNSAPI.dll
0x00007ffb8ddf0000 - 0x00007ffb8ddf8000 	C:\WINDOWS\System32\NSI.dll
0x00007ffb8a4e0000 - 0x00007ffb8a518000 	C:\WINDOWS\SYSTEM32\IPHLPAPI.DLL
0x00007ffb7a920000 - 0x00007ffb7a92e000 	C:\WINDOWS\System32\winrnr.dll
0x00007ffb7a6c0000 - 0x00007ffb7a6d5000 	C:\WINDOWS\System32\wshbth.dll
0x00007ffb7cef0000 - 0x00007ffb7cefa000 	C:\Windows\System32\rasadhlp.dll
0x00007ffb7cf00000 - 0x00007ffb7cf72000 	C:\WINDOWS\System32\fwpuclnt.dll
0x00007ffb8aa40000 - 0x00007ffb8aa65000 	C:\WINDOWS\SYSTEM32\bcrypt.dll
0x00007ffb8a910000 - 0x00007ffb8a927000 	C:\WINDOWS\SYSTEM32\CRYPTSP.dll
0x00007ffb8a340000 - 0x00007ffb8a373000 	C:\WINDOWS\system32\rsaenh.dll
0x00007ffb8ae40000 - 0x00007ffb8ae68000 	C:\WINDOWS\SYSTEM32\USERENV.dll
0x00007ffb8a930000 - 0x00007ffb8a93b000 	C:\WINDOWS\SYSTEM32\CRYPTBASE.dll
0x00007ffb852a0000 - 0x00007ffb852b6000 	C:\WINDOWS\SYSTEM32\dhcpcsvc6.DLL
0x00007ffb85370000 - 0x00007ffb8538a000 	C:\WINDOWS\SYSTEM32\dhcpcsvc.DLL

VM Arguments:
jvm_args: -Dcom.sun.management.jmxremote -Dcom.sun.management.jmxremote.port=57866 -Dcom.sun.management.jmxremote.authenticate=false -Dcom.sun.management.jmxremote.ssl=false -Djava.rmi.server.hostname=localhost -Dspring.liveBeansView.mbeanDomain -Dspring.application.admin.enabled=true -Xverify:none -XX:TieredStopAtLevel=1 -Dfile.encoding=UTF-8 
java_command: com.nelioalves.cursomc.CursomcApplication --spring.output.ansi.enabled=always
java_class_path (initial): C:\tem\ws\cursomc\target\classes;C:\Users\Fábio\.m2\repository\org\springframework\boot\spring-boot-starter-web\2.2.0.BUILD-SNAPSHOT\spring-boot-starter-web-2.2.0.BUILD-SNAPSHOT.jar;C:\Users\Fábio\.m2\repository\org\springframework\boot\spring-boot-starter\2.2.0.BUILD-SNAPSHOT\spring-boot-starter-2.2.0.BUILD-SNAPSHOT.jar;C:\Users\Fábio\.m2\repository\org\springframework\boot\spring-boot-starter-logging\2.2.0.BUILD-SNAPSHOT\spring-boot-starter-logging-2.2.0.BUILD-SNAPSHOT.jar;C:\Users\Fábio\.m2\repository\ch\qos\logback\logback-classic\1.2.3\logback-classic-1.2.3.jar;C:\Users\Fábio\.m2\repository\ch\qos\logback\logback-core\1.2.3\logback-core-1.2.3.jar;C:\Users\Fábio\.m2\repository\org\apache\logging\log4j\log4j-to-slf4j\2.11.2\log4j-to-slf4j-2.11.2.jar;C:\Users\Fábio\.m2\repository\org\apache\logging\log4j\log4j-api\2.11.2\log4j-api-2.11.2.jar;C:\Users\Fábio\.m2\repository\org\slf4j\jul-to-slf4j\1.7.25\jul-to-slf4j-1.7.25.jar;C:\Users\Fábio\.m2\repository\javax\annotation\javax.annotation-api\1.3.2\javax.annotation-api-1.3.2.jar;C:\Users\Fábio\.m2\repository\org\yaml\snakeyaml\1.23\snakeyaml-1.23.jar;C:\Users\Fábio\.m2\repository\org\springframework\boot\spring-boot-starter-json\2.2.0.BUILD-SNAPSHOT\spring-boot-starter-json-2.2.0.BUILD-SNAPSHOT.jar;C:\Users\Fábio\.m2\repository\com\fasterxml\jackson\core\jackson-databind\2.9.8\jackson-databind-2.9.8.jar;C:\Users\Fábio\.m2\repository\com\fasterxml\jackson\core\jackson-annotations\2.9.0\jackson-annotations-2.9.0.jar;C:\Users\Fábio\.m2\repository\com\fasterxml\jackson\core\jackson-core\2.9.8\jackson-core-2.9.8.jar;C:\Users\Fábio\.m2\repository\com\fasterxml\jackson\datatype\jackson-datatype-jdk8\2.9.8\jackson-datatype-jdk8-2.9.8.jar;C:\Users\Fábio\.m2\repository\com\fasterxml\jackson\datatype\jackson-datatype-jsr310\2.9.8\jackson-datatype-jsr310-2.9.8.jar;C:\Users\Fábio\.m2\repository\com\fasterxml\jackson\module\jackson-module-parameter-names\2.9.8\jackson-module-parameter-names-2.9.8.jar;
Launcher Type: SUN_STANDARD

Environment Variables:
JAVA_HOME=C:\Program Files\Java\jdk1.8.0_181
CLASSPATH=C:\Program Files\Java\jdk1.8.0_181\lib
PATH=C:/Program Files/Java/jre1.8.0_181/bin/server;C:/Program Files/Java/jre1.8.0_181/bin;C:/Program Files/Java/jre1.8.0_181/lib/amd64;C:\Program Files (x86)\Common Files\Oracle\Java\javapath;C:\ProgramData\Oracle\Java\javapath;C:\Program Files\Java\jdk1.8.0_181\bin;C:\Program Files\Intel\iCLS Client\;C:\WINDOWS\system32;C:\WINDOWS;C:\WINDOWS\System32\Wbem;C:\WINDOWS\System32\WindowsPowerShell\v1.0\;C:\Program Files (x86)\Intel\Intel(R) Management Engine Components\DAL;C:\Program Files\Intel\Intel(R) Management Engine Components\DAL;C:\Program Files (x86)\Intel\Intel(R) Management Engine Components\IPT;C:\Program Files\Intel\Intel(R) Management Engine Components\IPT;C:\Program Files\Intel\WiFi\bin\;C:\Program Files\Common Files\Intel\WirelessCommon\;C:\WINDOWS\System32\OpenSSH\;C:\Program Files\MySQL\MySQL Server 8.0\bin;C:\Users\Fábio\AppData\Local\Microsoft\WindowsApps;C:\Program Files\heroku\bin;C:\sts-bundle\sts-3.9.0.RELEASE;
USERNAME=Fábio
OS=Windows_NT
PROCESSOR_IDENTIFIER=Intel64 Family 6 Model 142 Stepping 9, GenuineIntel



---------------  S Y S T E M  ---------------

OS: Windows 10.0 , 64 bit Build 17134 (10.0.17134.706)

CPU:total 4 (initial active 4) (2 cores per cpu, 2 threads per core) family 6 model 142 stepping 9, cmov, cx8, fxsr, mmx, sse, sse2, sse3, ssse3, sse4.1, sse4.2, popcnt, avx, avx2, aes, clmul, erms, 3dnowpref, lzcnt, ht, tsc, tscinvbit, bmi1, bmi2, adx

Memory: 4k page, physical 8261220k(2599308k free), swap 8261220k(2144k free)

vm_info: Java HotSpot(TM) 64-Bit Server VM (25.181-b13) for windows-amd64 JRE (1.8.0_181-b13), built on Jul  7 2018 04:01:33 by "java_re" with MS VC++ 10.0 (VS2010)

time: Mon Apr 22 05:51:44 2019
elapsed time: 12 seconds (0d 0h 0m 12s)

